0 silly argv {
0 silly argv   _: [ 'create' ],
0 silly argv   lernaVersion: '8.0.2',
0 silly argv   '$0': 'lerna',
0 silly argv   name: 'main-commitlint-config'
0 silly argv }
1 notice cli v8.0.2
2 verbose packageConfigs Package manager "pnpm" detected. Resolving packages using `pnpm-workspace.yaml`.
3 verbose rootPath /Users/lijunkai/Project/ImportantProject/Webpack/custom-engineering
4 error Error: canceled
4 error     at Interface.<anonymous> (/Users/lijunkai/Project/ImportantProject/Webpack/custom-engineering/node_modules/.pnpm/read@2.1.0/node_modules/read/lib/read.js:79:15)
4 error     at Interface.emit (node:events:513:28)
4 error     at Interface._ttyWrite (node:readline:1085:16)
4 error     at ReadStream.onkeypress (node:readline:291:10)
4 error     at ReadStream.emit (node:events:513:28)
4 error     at emitKeys (node:internal/readline/utils:357:14)
4 error     at emitKeys.next (<anonymous>)
4 error     at ReadStream.onData (node:internal/readline/emitKeypressEvents:61:36)
4 error     at ReadStream.emit (node:events:513:28)
4 error     at addChunk (node:internal/streams/readable:315:12)
4 error     at readableAddChunk (node:internal/streams/readable:289:9)
4 error     at ReadStream.Readable.push (node:internal/streams/readable:228:10)
